<?xml version="1.0" encoding="UTF-8"?>
<!-- Generated by org.testng.reporters.JUnitReportReporter -->
<testsuite hostname="PintuLapi" failures="0" tests="1" name="Proj1.TestNg" time="19.034" errors="0" timestamp="25 Apr 2018 03:52:02 GMT" skipped="0">
  <testcase classname="Proj1.TestNg" name="TitleTest" time="19.034"/>
</testsuite> <!-- Proj1.TestNg -->
